

*******************************************************************************
Wed Jun 24 17:37:16 2026


FIT:    data read from "out.times.txt" using 1:2
        format = x:z
        #datapoints = 13
        residuals are weighted equally (unit weight)

function used for fitting: f(x)
	f(x) = a*x*x*x + b*x*x + c*x + d
fitted parameters initialized with current variable values

iter      chisq       delta/lim  lambda   a             b             c             d            
   0 1.9404132482e+13   0.00e+00  6.06e+05    1.000000e+00   1.000000e+00   1.000000e+00   1.000000e+00
  10 1.1968899956e-06  -1.71e-01  6.06e-05    3.874747e-08  -1.140070e-06   7.333611e-05  -1.193493e-03

After 10 iterations the fit converged.
final sum of squares of residuals : 1.19689e-06
rel. change during last iteration : -1.70528e-06

degrees of freedom    (FIT_NDF)                        : 9
rms of residuals      (FIT_STDFIT) = sqrt(WSSR/ndf)    : 0.000364675
variance of residuals (reduced chisquare) = WSSR/ndf   : 1.32988e-07

Final set of parameters            Asymptotic Standard Error
=======================            ==========================
a               = 3.87475e-08      +/- 2.541e-09    (6.559%)
b               = -1.14007e-06     +/- 6.153e-07    (53.97%)
c               = 7.33361e-05      +/- 4.448e-05    (60.65%)
d               = -0.00119349      +/- 0.0009229    (77.33%)

correlation matrix of the fit parameters:
                a      b      c      d      
a               1.000 
b              -0.991  1.000 
c               0.954 -0.985  1.000 
d              -0.859  0.910 -0.963  1.000 
