

*******************************************************************************
Fri Mar  6 23:35:15 2026


FIT:    data read from "out.times" using 1:2
        format = x:z
        #datapoints = 20
        residuals are weighted equally (unit weight)

function used for fitting: f(x)
	f(x)=a+b/x
fitted parameters initialized with current variable values

iter      chisq       delta/lim  lambda   a             b            
   0 2.1903612947e+02   0.00e+00  2.12e+00    1.000000e+00   1.000000e+01
   4 5.0132386735e-03  -2.29e-07  2.12e-04    4.566990e-02   7.300701e-01

After 4 iterations the fit converged.
final sum of squares of residuals : 0.00501324
rel. change during last iteration : -2.28881e-12

degrees of freedom    (FIT_NDF)                        : 18
rms of residuals      (FIT_STDFIT) = sqrt(WSSR/ndf)    : 0.0166887
variance of residuals (reduced chisquare) = WSSR/ndf   : 0.000278513

Final set of parameters            Asymptotic Standard Error
=======================            ==========================
a               = 0.0456699        +/- 0.00484      (10.6%)
b               = 0.73007          +/- 0.01713      (2.347%)

correlation matrix of the fit parameters:
                a      b      
a               1.000 
b              -0.637  1.000 
